  kcftracker.cpp
d:\kcf\kcf+dsst单目标跟踪\kcfdemo\kcfdemo\recttools.hpp(135): warning C4244: “=”: 从“int”转换到“float”，可能丢失数据
d:\kcf\kcf+dsst单目标跟踪\kcfdemo\kcfdemo\recttools.hpp(154): warning C4244: “参数”: 从“float”转换到“int”，可能丢失数据
d:\kcf\kcf+dsst单目标跟踪\kcfdemo\kcfdemo\labdata.hpp(17): warning C4838: 从“double”转换到“float”需要收缩转换
d:\kcf\kcf+dsst单目标跟踪\kcfdemo\kcfdemo\labdata.hpp(17): warning C4305: “初始化”: 从“double”到“float”截断
d:\kcf\kcf+dsst单目标跟踪\kcfdemo\kcfdemo\kcftracker.cpp(98): warning C4305: “=”: 从“double”到“float”截断
d:\kcf\kcf+dsst单目标跟踪\kcfdemo\kcfdemo\kcftracker.cpp(105): warning C4305: “=”: 从“double”到“float”截断
d:\kcf\kcf+dsst单目标跟踪\kcfdemo\kcfdemo\kcftracker.cpp(106): warning C4305: “=”: 从“double”到“float”截断
d:\kcf\kcf+dsst单目标跟踪\kcfdemo\kcfdemo\kcftracker.cpp(114): warning C4305: “=”: 从“double”到“float”截断
d:\kcf\kcf+dsst单目标跟踪\kcfdemo\kcfdemo\kcftracker.cpp(115): warning C4305: “=”: 从“double”到“float”截断
d:\kcf\kcf+dsst单目标跟踪\kcfdemo\kcfdemo\kcftracker.cpp(117): warning C4305: “=”: 从“double”到“float”截断
d:\kcf\kcf+dsst单目标跟踪\kcfdemo\kcfdemo\kcftracker.cpp(128): warning C4305: “=”: 从“double”到“float”截断
d:\kcf\kcf+dsst单目标跟踪\kcfdemo\kcfdemo\kcftracker.cpp(129): warning C4305: “=”: 从“double”到“float”截断
d:\kcf\kcf+dsst单目标跟踪\kcfdemo\kcfdemo\kcftracker.cpp(144): warning C4305: “=”: 从“double”到“float”截断
d:\kcf\kcf+dsst单目标跟踪\kcfdemo\kcfdemo\kcftracker.cpp(147): warning C4305: “=”: 从“double”到“float”截断
d:\kcf\kcf+dsst单目标跟踪\kcfdemo\kcfdemo\kcftracker.cpp(150): warning C4305: “=”: 从“double”到“float”截断
d:\kcf\kcf+dsst单目标跟踪\kcfdemo\kcfdemo\kcftracker.cpp(188): warning C4244: “=”: 从“int”转换到“float”，可能丢失数据
d:\kcf\kcf+dsst单目标跟踪\kcfdemo\kcfdemo\kcftracker.cpp(189): warning C4244: “=”: 从“int”转换到“float”，可能丢失数据
d:\kcf\kcf+dsst单目标跟踪\kcfdemo\kcfdemo\kcftracker.cpp(201): warning C4244: “=”: 从“int”转换到“float”，可能丢失数据
d:\kcf\kcf+dsst单目标跟踪\kcfdemo\kcfdemo\kcftracker.cpp(202): warning C4244: “=”: 从“int”转换到“float”，可能丢失数据
d:\kcf\kcf+dsst单目标跟踪\kcfdemo\kcfdemo\kcftracker.cpp(216): warning C4244: “=”: 从“int”转换到“float”，可能丢失数据
d:\kcf\kcf+dsst单目标跟踪\kcfdemo\kcfdemo\kcftracker.cpp(217): warning C4244: “=”: 从“int”转换到“float”，可能丢失数据
d:\kcf\kcf+dsst单目标跟踪\kcfdemo\kcfdemo\kcftracker.cpp(350): warning C4244: “初始化”: 从“double”转换到“float”，可能丢失数据
d:\kcf\kcf+dsst单目标跟踪\kcfdemo\kcfdemo\kcftracker.cpp(371): warning C4244: “初始化”: 从“float”转换到“int”，可能丢失数据
d:\kcf\kcf+dsst单目标跟踪\kcfdemo\kcfdemo\kcftracker.cpp(372): warning C4244: “初始化”: 从“float”转换到“int”，可能丢失数据
d:\kcf\kcf+dsst单目标跟踪\kcfdemo\kcfdemo\kcftracker.cpp(380): warning C4244: “=”: 从“float”转换到“int”，可能丢失数据
d:\kcf\kcf+dsst单目标跟踪\kcfdemo\kcfdemo\kcftracker.cpp(381): warning C4244: “=”: 从“float”转换到“int”，可能丢失数据
d:\kcf\kcf+dsst单目标跟踪\kcfdemo\kcfdemo\kcftracker.cpp(411): warning C4244: “=”: 从“float”转换到“int”，可能丢失数据
d:\kcf\kcf+dsst单目标跟踪\kcfdemo\kcfdemo\kcftracker.cpp(412): warning C4244: “=”: 从“float”转换到“int”，可能丢失数据
d:\kcf\kcf+dsst单目标跟踪\kcfdemo\kcfdemo\kcftracker.cpp(415): warning C4244: “=”: 从“float”转换到“int”，可能丢失数据
d:\kcf\kcf+dsst单目标跟踪\kcfdemo\kcfdemo\kcftracker.cpp(416): warning C4244: “=”: 从“float”转换到“int”，可能丢失数据
d:\kcf\kcf+dsst单目标跟踪\kcfdemo\kcfdemo\kcftracker.cpp(476): warning C4244: “+=”: 从“double”转换到“float”，可能丢失数据
d:\kcf\kcf+dsst单目标跟踪\kcfdemo\kcfdemo\kcftracker.cpp(510): warning C4244: “=”: 从“double”转换到“float”，可能丢失数据
d:\kcf\kcf+dsst单目标跟踪\kcfdemo\kcfdemo\kcftracker.cpp(512): warning C4244: “=”: 从“double”转换到“float”，可能丢失数据
d:\kcf\kcf+dsst单目标跟踪\kcfdemo\kcfdemo\kcftracker.cpp(540): warning C4244: “return”: 从“double”转换到“float”，可能丢失数据
d:\kcf\kcf+dsst单目标跟踪\kcfdemo\kcfdemo\kcftracker.cpp(573): warning C4244: “=”: 从“double”转换到“float”，可能丢失数据
d:\kcf\kcf+dsst单目标跟踪\kcfdemo\kcfdemo\kcftracker.cpp(575): warning C4244: “=”: 从“double”转换到“float”，可能丢失数据
d:\kcf\kcf+dsst单目标跟踪\kcfdemo\kcfdemo\kcftracker.cpp(697): warning C4244: “初始化”: 从“double”转换到“float”，可能丢失数据
d:\kcf\kcf+dsst单目标跟踪\kcfdemo\kcfdemo\kcftracker.cpp(704): warning C4244: “=”: 从“double”转换到“float”，可能丢失数据
d:\kcf\kcf+dsst单目标跟踪\kcfdemo\kcfdemo\kcftracker.cpp(716): warning C4244: “=”: 从“double”转换到“float”，可能丢失数据
kcftracker.obj : error LNK2019: 无法解析的外部符号 "class cv::debug_build_guard::_InputOutputArray const & __cdecl cv::noArray(void)" (?noArray@cv@@YAAEBV_InputOutputArray@debug_build_guard@1@XZ)，该符号在函数 "class cv::Mat & __cdecl cv::operator+=(class cv::Mat &,class cv::Scalar_<double> const &)" (??Ycv@@YAAEAVMat@0@AEAV10@AEBV?$Scalar_@N@0@@Z) 中被引用
kcftracker.obj : error LNK2019: 无法解析的外部符号 "public: void __cdecl cv::Mat::copyTo(class cv::debug_build_guard::_OutputArray const &)const " (?copyTo@Mat@cv@@QEBAXAEBV_OutputArray@debug_build_guard@2@@Z)，该符号在函数 "protected: class cv::Mat __cdecl KCFTracker::get_scale_sample(class cv::Mat const &)" (?get_scale_sample@KCFTracker@@IEAA?AVMat@cv@@AEBV23@@Z) 中被引用
DMBSystemDlg.obj : error LNK2001: 无法解析的外部符号 "public: void __cdecl cv::Mat::copyTo(class cv::debug_build_guard::_OutputArray const &)const " (?copyTo@Mat@cv@@QEBAXAEBV_OutputArray@debug_build_guard@2@@Z)
kcftracker.obj : error LNK2019: 无法解析的外部符号 "public: void __cdecl cv::Mat::convertTo(class cv::debug_build_guard::_OutputArray const &,int,double,double)const " (?convertTo@Mat@cv@@QEBAXAEBV_OutputArray@debug_build_guard@2@HNN@Z)，该符号在函数 "public: class cv::Mat_<float> & __cdecl cv::Mat_<float>::operator=(class cv::Mat &&)" (??4?$Mat_@M@cv@@QEAAAEAV01@$$QEAVMat@1@@Z) 中被引用
kcftracker.obj : error LNK2019: 无法解析的外部符号 "public: class cv::MatExpr __cdecl cv::Mat::mul(class cv::debug_build_guard::_InputArray const &,double)const " (?mul@Mat@cv@@QEBA?AVMatExpr@2@AEBV_InputArray@debug_build_guard@2@N@Z)，该符号在函数 "class cv::Mat __cdecl FFTTools::complexDivision(class cv::Mat,class cv::Mat)" (?complexDivision@FFTTools@@YA?AVMat@cv@@V23@0@Z) 中被引用
kcftracker.obj : error LNK2019: 无法解析的外部符号 "void __cdecl cv::copyMakeBorder(class cv::debug_build_guard::_InputArray const &,class cv::debug_build_guard::_OutputArray const &,int,int,int,int,int,class cv::Scalar_<double> const &)" (?copyMakeBorder@cv@@YAXAEBV_InputArray@debug_build_guard@1@AEBV_OutputArray@31@HHHHHAEBV?$Scalar_@N@1@@Z)，该符号在函数 "class cv::Mat __cdecl RectTools::subwindow(class cv::Mat const &,class cv::Rect_<int> const &,int)" (?subwindow@RectTools@@YA?AVMat@cv@@AEBV23@AEBV?$Rect_@H@3@H@Z) 中被引用
kcftracker.obj : error LNK2019: 无法解析的外部符号 "void __cdecl cv::add(class cv::debug_build_guard::_InputArray const &,class cv::debug_build_guard::_InputArray const &,class cv::debug_build_guard::_OutputArray const &,class cv::debug_build_guard::_InputArray const &,int)" (?add@cv@@YAXAEBV_InputArray@debug_build_guard@1@0AEBV_OutputArray@31@0H@Z)，该符号在函数 "class cv::Mat & __cdecl cv::operator+=(class cv::Mat &,class cv::Scalar_<double> const &)" (??Ycv@@YAAEAVMat@0@AEAV10@AEBV?$Scalar_@N@0@@Z) 中被引用
kcftracker.obj : error LNK2019: 无法解析的外部符号 "void __cdecl cv::subtract(class cv::debug_build_guard::_InputArray const &,class cv::debug_build_guard::_InputArray const &,class cv::debug_build_guard::_OutputArray const &,class cv::debug_build_guard::_InputArray const &,int)" (?subtract@cv@@YAXAEBV_InputArray@debug_build_guard@1@0AEBV_OutputArray@31@0H@Z)，该符号在函数 "class cv::Mat & __cdecl cv::operator-=(class cv::Mat &,class cv::Scalar_<double> const &)" (??Zcv@@YAAEAVMat@0@AEAV10@AEBV?$Scalar_@N@0@@Z) 中被引用
kcftracker.obj : error LNK2019: 无法解析的外部符号 "void __cdecl cv::addWeighted(class cv::debug_build_guard::_InputArray const &,double,class cv::debug_build_guard::_InputArray const &,double,double,class cv::debug_build_guard::_OutputArray const &,int)" (?addWeighted@cv@@YAXAEBV_InputArray@debug_build_guard@1@N0NNAEBV_OutputArray@31@H@Z)，该符号在函数 "protected: void __cdecl KCFTracker::train_scale(class cv::Mat,bool)" (?train_scale@KCFTracker@@IEAAXVMat@cv@@_N@Z) 中被引用
kcftracker.obj : error LNK2019: 无法解析的外部符号 "class cv::Scalar_<double> __cdecl cv::sum(class cv::debug_build_guard::_InputArray const &)" (?sum@cv@@YA?AV?$Scalar_@N@1@AEBV_InputArray@debug_build_guard@1@@Z)，该符号在函数 "protected: class cv::Mat __cdecl KCFTracker::gaussianCorrelation(class cv::Mat,class cv::Mat)" (?gaussianCorrelation@KCFTracker@@IEAA?AVMat@cv@@V23@0@Z) 中被引用
kcftracker.obj : error LNK2019: 无法解析的外部符号 "void __cdecl cv::minMaxLoc(class cv::debug_build_guard::_InputArray const &,double *,double *,class cv::Point_<int> *,class cv::Point_<int> *,class cv::debug_build_guard::_InputArray const &)" (?minMaxLoc@cv@@YAXAEBV_InputArray@debug_build_guard@1@PEAN1PEAV?$Point_@H@1@20@Z)，该符号在函数 "protected: class cv::Point_<float> __cdecl KCFTracker::detect(class cv::Mat,class cv::Mat,float &)" (?detect@KCFTracker@@IEAA?AV?$Point_@M@cv@@VMat@3@0AEAM@Z) 中被引用
kcftracker.obj : error LNK2019: 无法解析的外部符号 "void __cdecl cv::reduce(class cv::debug_build_guard::_InputArray const &,class cv::debug_build_guard::_OutputArray const &,int,int,int)" (?reduce@cv@@YAXAEBV_InputArray@debug_build_guard@1@AEBV_OutputArray@31@HHH@Z)，该符号在函数 "protected: class cv::Point_<int> __cdecl KCFTracker::detect_scale(class cv::Mat)" (?detect_scale@KCFTracker@@IEAA?AV?$Point_@H@cv@@VMat@3@@Z) 中被引用
kcftracker.obj : error LNK2019: 无法解析的外部符号 "void __cdecl cv::merge(class cv::Mat const *,unsigned __int64,class cv::debug_build_guard::_OutputArray const &)" (?merge@cv@@YAXPEBVMat@1@_KAEBV_OutputArray@debug_build_guard@1@@Z)，该符号在函数 "class cv::Mat __cdecl FFTTools::fftd(class cv::Mat,bool,bool)" (?fftd@FFTTools@@YA?AVMat@cv@@V23@_N1@Z) 中被引用
kcftracker.obj : error LNK2019: 无法解析的外部符号 "void __cdecl cv::merge(class cv::debug_build_guard::_InputArray const &,class cv::debug_build_guard::_OutputArray const &)" (?merge@cv@@YAXAEBV_InputArray@debug_build_guard@1@AEBV_OutputArray@31@@Z)，该符号在函数 "class cv::Mat __cdecl FFTTools::complexDivision(class cv::Mat,class cv::Mat)" (?complexDivision@FFTTools@@YA?AVMat@cv@@V23@0@Z) 中被引用
kcftracker.obj : error LNK2019: 无法解析的外部符号 "void __cdecl cv::split(class cv::debug_build_guard::_InputArray const &,class cv::debug_build_guard::_OutputArray const &)" (?split@cv@@YAXAEBV_InputArray@debug_build_guard@1@AEBV_OutputArray@31@@Z)，该符号在函数 "class cv::Mat __cdecl FFTTools::complexDivision(class cv::Mat,class cv::Mat)" (?complexDivision@FFTTools@@YA?AVMat@cv@@V23@0@Z) 中被引用
kcftracker.obj : error LNK2019: 无法解析的外部符号 "void __cdecl cv::max(class cv::debug_build_guard::_InputArray const &,class cv::debug_build_guard::_InputArray const &,class cv::debug_build_guard::_OutputArray const &)" (?max@cv@@YAXAEBV_InputArray@debug_build_guard@1@0AEBV_OutputArray@31@@Z)，该符号在函数 "protected: class cv::Mat __cdecl KCFTracker::gaussianCorrelation(class cv::Mat,class cv::Mat)" (?gaussianCorrelation@KCFTracker@@IEAA?AVMat@cv@@V23@0@Z) 中被引用
kcftracker.obj : error LNK2019: 无法解析的外部符号 "void __cdecl cv::exp(class cv::debug_build_guard::_InputArray const &,class cv::debug_build_guard::_OutputArray const &)" (?exp@cv@@YAXAEBV_InputArray@debug_build_guard@1@AEBV_OutputArray@31@@Z)，该符号在函数 "protected: class cv::Mat __cdecl KCFTracker::gaussianCorrelation(class cv::Mat,class cv::Mat)" (?gaussianCorrelation@KCFTracker@@IEAA?AVMat@cv@@V23@0@Z) 中被引用
kcftracker.obj : error LNK2019: 无法解析的外部符号 "void __cdecl cv::log(class cv::debug_build_guard::_InputArray const &,class cv::debug_build_guard::_OutputArray const &)" (?log@cv@@YAXAEBV_InputArray@debug_build_guard@1@AEBV_OutputArray@31@@Z)，该符号在函数 "void __cdecl FFTTools::normalizedLogTransform(class cv::Mat &)" (?normalizedLogTransform@FFTTools@@YAXAEAVMat@cv@@@Z) 中被引用
kcftracker.obj : error LNK2019: 无法解析的外部符号 "void __cdecl cv::magnitude(class cv::debug_build_guard::_InputArray const &,class cv::debug_build_guard::_InputArray const &,class cv::debug_build_guard::_OutputArray const &)" (?magnitude@cv@@YAXAEBV_InputArray@debug_build_guard@1@0AEBV_OutputArray@31@@Z)，该符号在函数 "class cv::Mat __cdecl FFTTools::magnitude(class cv::Mat)" (?magnitude@FFTTools@@YA?AVMat@cv@@V23@@Z) 中被引用
kcftracker.obj : error LNK2019: 无法解析的外部符号 "void __cdecl cv::dft(class cv::debug_build_guard::_InputArray const &,class cv::debug_build_guard::_OutputArray const &,int,int)" (?dft@cv@@YAXAEBV_InputArray@debug_build_guard@1@AEBV_OutputArray@31@HH@Z)，该符号在函数 "class cv::Mat __cdecl FFTTools::fftd(class cv::Mat,bool,bool)" (?fftd@FFTTools@@YA?AVMat@cv@@V23@_N1@Z) 中被引用
kcftracker.obj : error LNK2019: 无法解析的外部符号 "void __cdecl cv::idft(class cv::debug_build_guard::_InputArray const &,class cv::debug_build_guard::_OutputArray const &,int,int)" (?idft@cv@@YAXAEBV_InputArray@debug_build_guard@1@AEBV_OutputArray@31@HH@Z)，该符号在函数 "protected: class cv::Point_<int> __cdecl KCFTracker::detect_scale(class cv::Mat)" (?detect_scale@KCFTracker@@IEAA?AV?$Point_@H@cv@@VMat@3@@Z) 中被引用
kcftracker.obj : error LNK2019: 无法解析的外部符号 "void __cdecl cv::mulSpectrums(class cv::debug_build_guard::_InputArray const &,class cv::debug_build_guard::_InputArray const &,class cv::debug_build_guard::_OutputArray const &,int,bool)" (?mulSpectrums@cv@@YAXAEBV_InputArray@debug_build_guard@1@0AEBV_OutputArray@31@H_N@Z)，该符号在函数 "protected: class cv::Mat __cdecl KCFTracker::gaussianCorrelation(class cv::Mat,class cv::Mat)" (?gaussianCorrelation@KCFTracker@@IEAA?AVMat@cv@@V23@0@Z) 中被引用
kcftracker.obj : error LNK2019: 无法解析的外部符号 "void __cdecl cv::resize(class cv::debug_build_guard::_InputArray const &,class cv::debug_build_guard::_OutputArray const &,class cv::Size_<int>,double,double,int)" (?resize@cv@@YAXAEBV_InputArray@debug_build_guard@1@AEBV_OutputArray@31@V?$Size_@H@1@NNH@Z)，该符号在函数 "protected: class cv::Mat __cdecl KCFTracker::getFeatures(class cv::Mat const &,bool,float)" (?getFeatures@KCFTracker@@IEAA?AVMat@cv@@AEBV23@_NM@Z) 中被引用
kcftracker.obj : error LNK2019: 无法解析的外部符号 "void __cdecl cv::cvtColor(class cv::debug_build_guard::_InputArray const &,class cv::debug_build_guard::_OutputArray const &,int,int)" (?cvtColor@cv@@YAXAEBV_InputArray@debug_build_guard@1@AEBV_OutputArray@31@HH@Z)，该符号在函数 "protected: class cv::Mat __cdecl KCFTracker::getFeatures(class cv::Mat const &,bool,float)" (?getFeatures@KCFTracker@@IEAA?AVMat@cv@@AEBV23@_NM@Z) 中被引用
DMBSystemDlg.obj : error LNK2019: 无法解析的外部符号 "void __cdecl cv::imshow(class cv::String const &,class cv::debug_build_guard::_InputArray const &)" (?imshow@cv@@YAXAEBVString@1@AEBV_InputArray@debug_build_guard@1@@Z)，该符号在函数 "void __cdecl onMouse(int,int,int,int,void *)" (?onMouse@@YAXHHHHPEAX@Z) 中被引用
DMBSystemDlg.obj : error LNK2019: 无法解析的外部符号 "void __cdecl cv::rectangle(class cv::debug_build_guard::_InputOutputArray const &,class cv::Point_<int>,class cv::Point_<int>,class cv::Scalar_<double> const &,int,int,int)" (?rectangle@cv@@YAXAEBV_InputOutputArray@debug_build_guard@1@V?$Point_@H@1@1AEBV?$Scalar_@N@1@HHH@Z)，该符号在函数 main 中被引用
D:\VS_Project\DMBSystem\x64\Debug\DMBSystem.exe : fatal error LNK1120: 25 个无法解析的外部命令
